[INFO ] 2020-07-28 17:58:13 [main] com.course.Application - Starting Application on PC-202004212207 with PID 15428 (D:\Program Files\Git\workspase\blmt\AutoST\MyBatisUse\target\classes started by Administrator in D:\Program Files\Git\workspase\blmt\AutoST)
[INFO ] 2020-07-28 17:58:13 [main] com.course.Application - No active profile set, falling back to default profiles: default
[INFO ] 2020-07-28 17:58:13 [main] o.s.b.w.e.tomcat.TomcatWebServer - Tomcat initialized with port(s): 8888 (http)
[INFO ] 2020-07-28 17:58:13 [main] o.a.coyote.http11.Http11NioProtocol - Initializing ProtocolHandler ["http-nio-8888"]
[INFO ] 2020-07-28 17:58:13 [main] o.a.catalina.core.StandardService - Starting service [Tomcat]
[INFO ] 2020-07-28 17:58:13 [main] o.a.catalina.core.StandardEngine - Starting Servlet engine: [Apache Tomcat/9.0.37]
[INFO ] 2020-07-28 17:58:13 [main] o.a.c.c.C.[Tomcat].[localhost].[/] - Initializing Spring embedded WebApplicationContext
[INFO ] 2020-07-28 17:58:13 [main] o.s.b.w.s.c.ServletWebServerApplicationContext - Root WebApplicationContext: initialization completed in 2360 ms
[INFO ] 2020-07-28 17:58:13 [main] o.a.catalina.core.StandardService - Stopping service [Tomcat]
[INFO ] 2020-07-28 18:03:05 [main] com.course.Application - Starting Application on PC-202004212207 with PID 13792 (D:\Program Files\Git\workspase\blmt\AutoST\MyBatisUse\target\classes started by Administrator in D:\Program Files\Git\workspase\blmt\AutoST)
[INFO ] 2020-07-28 18:03:05 [main] com.course.Application - No active profile set, falling back to default profiles: default
[INFO ] 2020-07-28 18:03:05 [main] o.s.b.w.e.tomcat.TomcatWebServer - Tomcat initialized with port(s): 8888 (http)
[INFO ] 2020-07-28 18:03:05 [main] o.a.coyote.http11.Http11NioProtocol - Initializing ProtocolHandler ["http-nio-8888"]
[INFO ] 2020-07-28 18:03:05 [main] o.a.catalina.core.StandardService - Starting service [Tomcat]
[INFO ] 2020-07-28 18:03:05 [main] o.a.catalina.core.StandardEngine - Starting Servlet engine: [Apache Tomcat/9.0.37]
[INFO ] 2020-07-28 18:03:05 [main] o.a.c.c.C.[Tomcat].[localhost].[/] - Initializing Spring embedded WebApplicationContext
[INFO ] 2020-07-28 18:03:05 [main] o.s.b.w.s.c.ServletWebServerApplicationContext - Root WebApplicationContext: initialization completed in 1643 ms
[INFO ] 2020-07-28 18:03:05 [main] o.a.catalina.core.StandardService - Stopping service [Tomcat]
[INFO ] 2020-07-28 18:05:37 [main] com.course.Application - Starting Application on PC-202004212207 with PID 15044 (D:\Program Files\Git\workspase\blmt\AutoST\MyBatisUse\target\classes started by Administrator in D:\Program Files\Git\workspase\blmt\AutoST)
[INFO ] 2020-07-28 18:05:37 [main] com.course.Application - No active profile set, falling back to default profiles: default
[INFO ] 2020-07-28 18:05:37 [main] o.s.b.w.e.tomcat.TomcatWebServer - Tomcat initialized with port(s): 8888 (http)
[INFO ] 2020-07-28 18:05:37 [main] o.a.coyote.http11.Http11NioProtocol - Initializing ProtocolHandler ["http-nio-8888"]
[INFO ] 2020-07-28 18:05:37 [main] o.a.catalina.core.StandardService - Starting service [Tomcat]
[INFO ] 2020-07-28 18:05:37 [main] o.a.catalina.core.StandardEngine - Starting Servlet engine: [Apache Tomcat/9.0.37]
[INFO ] 2020-07-28 18:05:37 [main] o.a.c.c.C.[Tomcat].[localhost].[/] - Initializing Spring embedded WebApplicationContext
[INFO ] 2020-07-28 18:05:37 [main] o.s.b.w.s.c.ServletWebServerApplicationContext - Root WebApplicationContext: initialization completed in 1917 ms
[INFO ] 2020-07-28 18:05:37 [main] o.a.catalina.core.StandardService - Stopping service [Tomcat]
[INFO ] 2020-07-28 18:13:26 [main] com.course.Application - Starting Application on PC-202004212207 with PID 13120 (D:\Program Files\Git\workspase\blmt\AutoST\MyBatisUse\target\classes started by Administrator in D:\Program Files\Git\workspase\blmt\AutoST)
[INFO ] 2020-07-28 18:13:26 [main] com.course.Application - No active profile set, falling back to default profiles: default
[INFO ] 2020-07-28 18:13:26 [main] o.s.b.w.e.tomcat.TomcatWebServer - Tomcat initialized with port(s): 8888 (http)
[INFO ] 2020-07-28 18:13:26 [main] o.a.coyote.http11.Http11NioProtocol - Initializing ProtocolHandler ["http-nio-8888"]
[INFO ] 2020-07-28 18:13:26 [main] o.a.catalina.core.StandardService - Starting service [Tomcat]
[INFO ] 2020-07-28 18:13:26 [main] o.a.catalina.core.StandardEngine - Starting Servlet engine: [Apache Tomcat/9.0.37]
[INFO ] 2020-07-28 18:13:26 [main] o.a.c.c.C.[Tomcat].[localhost].[/] - Initializing Spring embedded WebApplicationContext
[INFO ] 2020-07-28 18:13:26 [main] o.s.b.w.s.c.ServletWebServerApplicationContext - Root WebApplicationContext: initialization completed in 1863 ms
[INFO ] 2020-07-28 18:13:26 [main] o.a.catalina.core.StandardService - Stopping service [Tomcat]
[INFO ] 2020-07-28 18:14:10 [main] com.course.Application - Starting Application on PC-202004212207 with PID 16232 (D:\Program Files\Git\workspase\blmt\AutoST\MyBatisUse\target\classes started by Administrator in D:\Program Files\Git\workspase\blmt\AutoST)
[INFO ] 2020-07-28 18:14:10 [main] com.course.Application - No active profile set, falling back to default profiles: default
[INFO ] 2020-07-28 18:14:10 [main] o.s.b.w.e.tomcat.TomcatWebServer - Tomcat initialized with port(s): 8888 (http)
[INFO ] 2020-07-28 18:14:10 [main] o.a.coyote.http11.Http11NioProtocol - Initializing ProtocolHandler ["http-nio-8888"]
[INFO ] 2020-07-28 18:14:10 [main] o.a.catalina.core.StandardService - Starting service [Tomcat]
[INFO ] 2020-07-28 18:14:10 [main] o.a.catalina.core.StandardEngine - Starting Servlet engine: [Apache Tomcat/9.0.37]
[INFO ] 2020-07-28 18:14:10 [main] o.a.c.c.C.[Tomcat].[localhost].[/] - Initializing Spring embedded WebApplicationContext
[INFO ] 2020-07-28 18:14:10 [main] o.s.b.w.s.c.ServletWebServerApplicationContext - Root WebApplicationContext: initialization completed in 1649 ms
[INFO ] 2020-07-28 18:14:10 [main] o.a.catalina.core.StandardService - Stopping service [Tomcat]
[INFO ] 2020-07-28 18:16:03 [main] com.course.Application - Starting Application on PC-202004212207 with PID 17400 (D:\Program Files\Git\workspase\blmt\AutoST\MyBatisUse\target\classes started by Administrator in D:\Program Files\Git\workspase\blmt\AutoST)
[INFO ] 2020-07-28 18:16:03 [main] com.course.Application - No active profile set, falling back to default profiles: default
[INFO ] 2020-07-28 18:16:03 [main] o.s.b.w.e.tomcat.TomcatWebServer - Tomcat initialized with port(s): 8888 (http)
[INFO ] 2020-07-28 18:16:03 [main] o.a.coyote.http11.Http11NioProtocol - Initializing ProtocolHandler ["http-nio-8888"]
[INFO ] 2020-07-28 18:16:03 [main] o.a.catalina.core.StandardService - Starting service [Tomcat]
[INFO ] 2020-07-28 18:16:03 [main] o.a.catalina.core.StandardEngine - Starting Servlet engine: [Apache Tomcat/9.0.37]
[INFO ] 2020-07-28 18:16:03 [main] o.a.c.c.C.[Tomcat].[localhost].[/] - Initializing Spring embedded WebApplicationContext
[INFO ] 2020-07-28 18:16:03 [main] o.s.b.w.s.c.ServletWebServerApplicationContext - Root WebApplicationContext: initialization completed in 2511 ms
[INFO ] 2020-07-28 18:16:03 [main] o.a.catalina.core.StandardService - Stopping service [Tomcat]
[INFO ] 2020-07-28 18:51:42 [main] com.course.Application - Starting Application on PC-202004212207 with PID 15764 (D:\Program Files\Git\workspase\blmt\AutoST\MyBatisUse\target\classes started by Administrator in D:\Program Files\Git\workspase\blmt\AutoST)
[INFO ] 2020-07-28 18:51:42 [main] com.course.Application - No active profile set, falling back to default profiles: default
[INFO ] 2020-07-28 18:57:21 [main] com.course.Application - Starting Application on PC-202004212207 with PID 11020 (D:\Program Files\Git\workspase\blmt\AutoST\MyBatisUse\target\classes started by Administrator in D:\Program Files\Git\workspase\blmt\AutoST)
[INFO ] 2020-07-28 18:57:21 [main] com.course.Application - No active profile set, falling back to default profiles: default
[INFO ] 2020-07-28 18:57:21 [main] o.s.b.w.e.tomcat.TomcatWebServer - Tomcat initialized with port(s): 8888 (http)
[INFO ] 2020-07-28 18:57:21 [main] o.a.coyote.http11.Http11NioProtocol - Initializing ProtocolHandler ["http-nio-8888"]
[INFO ] 2020-07-28 18:57:21 [main] o.a.catalina.core.StandardService - Starting service [Tomcat]
[INFO ] 2020-07-28 18:57:21 [main] o.a.catalina.core.StandardEngine - Starting Servlet engine: [Apache Tomcat/9.0.37]
[INFO ] 2020-07-28 18:57:21 [main] o.a.c.c.C.[Tomcat].[localhost].[/] - Initializing Spring embedded WebApplicationContext
[INFO ] 2020-07-28 18:57:21 [main] o.s.web.context.ContextLoader - Root WebApplicationContext: initialization completed in 2257 ms
[INFO ] 2020-07-28 18:57:21 [main] o.a.catalina.core.StandardService - Stopping service [Tomcat]
[INFO ] 2020-07-28 20:04:10 [main] com.course.Application - Starting Application on PC-202004212207 with PID 11952 (D:\Program Files\Git\workspase\blmt\AutoST\MyBatisUse\target\classes started by Administrator in D:\Program Files\Git\workspase\blmt\AutoST)
[INFO ] 2020-07-28 20:04:10 [main] com.course.Application - No active profile set, falling back to default profiles: default
[INFO ] 2020-07-28 20:04:10 [main] o.s.b.w.e.tomcat.TomcatWebServer - Tomcat initialized with port(s): 8888 (http)
[INFO ] 2020-07-28 20:04:10 [main] o.a.coyote.http11.Http11NioProtocol - Initializing ProtocolHandler ["http-nio-8888"]
[INFO ] 2020-07-28 20:04:10 [main] o.a.catalina.core.StandardService - Starting service [Tomcat]
[INFO ] 2020-07-28 20:04:10 [main] o.a.catalina.core.StandardEngine - Starting Servlet engine: [Apache Tomcat/9.0.37]
[INFO ] 2020-07-28 20:04:10 [main] o.a.c.c.C.[Tomcat].[localhost].[/] - Initializing Spring embedded WebApplicationContext
[INFO ] 2020-07-28 20:04:10 [main] o.s.web.context.ContextLoader - Root WebApplicationContext: initialization completed in 4693 ms
[INFO ] 2020-07-28 20:04:10 [main] o.a.catalina.core.StandardService - Stopping service [Tomcat]
[INFO ] 2020-07-28 20:07:27 [main] com.course.Application - Starting Application on PC-202004212207 with PID 8224 (D:\Program Files\Git\workspase\blmt\AutoST\MyBatisUse\target\classes started by Administrator in D:\Program Files\Git\workspase\blmt\AutoST)
[INFO ] 2020-07-28 20:07:27 [main] com.course.Application - No active profile set, falling back to default profiles: default
[INFO ] 2020-07-28 20:07:27 [main] o.s.b.w.e.tomcat.TomcatWebServer - Tomcat initialized with port(s): 8888 (http)
[INFO ] 2020-07-28 20:07:27 [main] o.a.coyote.http11.Http11NioProtocol - Initializing ProtocolHandler ["http-nio-8888"]
[INFO ] 2020-07-28 20:07:27 [main] o.a.catalina.core.StandardService - Starting service [Tomcat]
[INFO ] 2020-07-28 20:07:27 [main] o.a.catalina.core.StandardEngine - Starting Servlet engine: [Apache Tomcat/9.0.37]
[INFO ] 2020-07-28 20:07:27 [main] o.a.c.c.C.[Tomcat].[localhost].[/] - Initializing Spring embedded WebApplicationContext
[INFO ] 2020-07-28 20:07:27 [main] o.s.web.context.ContextLoader - Root WebApplicationContext: initialization completed in 2290 ms
[INFO ] 2020-07-28 20:07:27 [main] o.a.catalina.core.StandardService - Stopping service [Tomcat]
[INFO ] 2020-07-28 20:11:48 [main] com.course.Application - Starting Application on PC-202004212207 with PID 6888 (D:\Program Files\Git\workspase\blmt\AutoST\MyBatisUse\target\classes started by Administrator in D:\Program Files\Git\workspase\blmt\AutoST)
[INFO ] 2020-07-28 20:11:48 [main] com.course.Application - No active profile set, falling back to default profiles: default
[INFO ] 2020-07-28 20:11:48 [main] o.s.b.w.e.tomcat.TomcatWebServer - Tomcat initialized with port(s): 8888 (http)
[INFO ] 2020-07-28 20:11:48 [main] o.a.coyote.http11.Http11NioProtocol - Initializing ProtocolHandler ["http-nio-8888"]
[INFO ] 2020-07-28 20:11:48 [main] o.a.catalina.core.StandardService - Starting service [Tomcat]
[INFO ] 2020-07-28 20:11:48 [main] o.a.catalina.core.StandardEngine - Starting Servlet engine: [Apache Tomcat/9.0.37]
[INFO ] 2020-07-28 20:11:48 [main] o.a.c.c.C.[Tomcat].[localhost].[/] - Initializing Spring embedded WebApplicationContext
[INFO ] 2020-07-28 20:11:48 [main] o.s.web.context.ContextLoader - Root WebApplicationContext: initialization completed in 1931 ms
[INFO ] 2020-07-28 20:11:48 [main] o.a.catalina.core.StandardService - Stopping service [Tomcat]
[INFO ] 2020-07-28 20:16:44 [main] com.course.Application - Starting Application on PC-202004212207 with PID 3988 (D:\Program Files\Git\workspase\blmt\AutoST\MyBatisUse\target\classes started by Administrator in D:\Program Files\Git\workspase\blmt\AutoST)
[INFO ] 2020-07-28 20:16:44 [main] com.course.Application - No active profile set, falling back to default profiles: default
[INFO ] 2020-07-28 20:16:44 [main] o.s.b.w.e.tomcat.TomcatWebServer - Tomcat initialized with port(s): 8888 (http)
[INFO ] 2020-07-28 20:16:44 [main] o.a.coyote.http11.Http11NioProtocol - Initializing ProtocolHandler ["http-nio-8888"]
[INFO ] 2020-07-28 20:16:44 [main] o.a.catalina.core.StandardService - Starting service [Tomcat]
[INFO ] 2020-07-28 20:16:44 [main] o.a.catalina.core.StandardEngine - Starting Servlet engine: [Apache Tomcat/9.0.37]
[INFO ] 2020-07-28 20:16:44 [main] o.a.c.c.C.[Tomcat].[localhost].[/] - Initializing Spring embedded WebApplicationContext
[INFO ] 2020-07-28 20:16:44 [main] o.s.web.context.ContextLoader - Root WebApplicationContext: initialization completed in 1786 ms
[INFO ] 2020-07-28 20:16:44 [main] o.a.catalina.core.StandardService - Stopping service [Tomcat]
[INFO ] 2020-07-28 20:24:21 [main] com.course.Application - Starting Application on PC-202004212207 with PID 12548 (D:\Program Files\Git\workspase\blmt\AutoST\MyBatisUse\target\classes started by Administrator in D:\Program Files\Git\workspase\blmt\AutoST)
[INFO ] 2020-07-28 20:24:21 [main] com.course.Application - No active profile set, falling back to default profiles: default
[INFO ] 2020-07-28 20:24:21 [main] o.s.b.w.e.tomcat.TomcatWebServer - Tomcat initialized with port(s): 8888 (http)
[INFO ] 2020-07-28 20:24:21 [main] o.a.coyote.http11.Http11NioProtocol - Initializing ProtocolHandler ["http-nio-8888"]
[INFO ] 2020-07-28 20:24:21 [main] o.a.catalina.core.StandardService - Starting service [Tomcat]
[INFO ] 2020-07-28 20:24:21 [main] o.a.catalina.core.StandardEngine - Starting Servlet engine: [Apache Tomcat/9.0.37]
[INFO ] 2020-07-28 20:24:21 [main] o.a.c.c.C.[Tomcat].[localhost].[/] - Initializing Spring embedded WebApplicationContext
[INFO ] 2020-07-28 20:24:21 [main] o.s.web.context.ContextLoader - Root WebApplicationContext: initialization completed in 2313 ms
[INFO ] 2020-07-28 20:24:21 [main] o.a.catalina.core.StandardService - Stopping service [Tomcat]
[INFO ] 2020-07-28 20:26:54 [main] com.course.Application - Starting Application on PC-202004212207 with PID 12344 (D:\Program Files\Git\workspase\blmt\AutoST\MyBatisUse\target\classes started by Administrator in D:\Program Files\Git\workspase\blmt\AutoST)
[INFO ] 2020-07-28 20:26:54 [main] com.course.Application - No active profile set, falling back to default profiles: default
[INFO ] 2020-07-28 20:26:54 [main] o.s.b.w.e.tomcat.TomcatWebServer - Tomcat initialized with port(s): 8888 (http)
[INFO ] 2020-07-28 20:26:54 [main] o.a.coyote.http11.Http11NioProtocol - Initializing ProtocolHandler ["http-nio-8888"]
[INFO ] 2020-07-28 20:26:54 [main] o.a.catalina.core.StandardService - Starting service [Tomcat]
[INFO ] 2020-07-28 20:26:54 [main] o.a.catalina.core.StandardEngine - Starting Servlet engine: [Apache Tomcat/9.0.37]
[INFO ] 2020-07-28 20:26:54 [main] o.a.c.c.C.[Tomcat].[localhost].[/] - Initializing Spring embedded WebApplicationContext
[INFO ] 2020-07-28 20:26:54 [main] o.s.web.context.ContextLoader - Root WebApplicationContext: initialization completed in 2005 ms
[INFO ] 2020-07-28 20:26:54 [main] o.a.catalina.core.StandardService - Stopping service [Tomcat]
[INFO ] 2020-07-28 20:36:53 [main] com.course.Application - Starting Application on PC-202004212207 with PID 14572 (D:\Program Files\Git\workspase\blmt\AutoST\MyBatisUse\target\classes started by Administrator in D:\Program Files\Git\workspase\blmt\AutoST)
[INFO ] 2020-07-28 20:36:53 [main] com.course.Application - No active profile set, falling back to default profiles: default
[INFO ] 2020-07-28 20:36:53 [main] o.s.b.w.e.tomcat.TomcatWebServer - Tomcat initialized with port(s): 8888 (http)
[INFO ] 2020-07-28 20:36:53 [main] o.a.coyote.http11.Http11NioProtocol - Initializing ProtocolHandler ["http-nio-8888"]
[INFO ] 2020-07-28 20:36:53 [main] o.a.catalina.core.StandardService - Starting service [Tomcat]
[INFO ] 2020-07-28 20:36:53 [main] o.a.catalina.core.StandardEngine - Starting Servlet engine: [Apache Tomcat/9.0.37]
[INFO ] 2020-07-28 20:36:53 [main] o.a.c.c.C.[Tomcat].[localhost].[/] - Initializing Spring embedded WebApplicationContext
[INFO ] 2020-07-28 20:36:53 [main] o.s.web.context.ContextLoader - Root WebApplicationContext: initialization completed in 2740 ms
[INFO ] 2020-07-28 20:36:53 [main] o.a.catalina.core.StandardService - Stopping service [Tomcat]
[INFO ] 2020-07-28 20:46:12 [main] com.course.Application - Starting Application on PC-202004212207 with PID 8240 (D:\Program Files\Git\workspase\blmt\AutoST\MyBatisUse\target\classes started by Administrator in D:\Program Files\Git\workspase\blmt\AutoST)
[INFO ] 2020-07-28 20:46:12 [main] com.course.Application - No active profile set, falling back to default profiles: default
[INFO ] 2020-07-28 20:46:12 [main] o.s.b.w.e.tomcat.TomcatWebServer - Tomcat initialized with port(s): 8888 (http)
[INFO ] 2020-07-28 20:46:12 [main] o.a.coyote.http11.Http11NioProtocol - Initializing ProtocolHandler ["http-nio-8888"]
[INFO ] 2020-07-28 20:46:12 [main] o.a.catalina.core.StandardService - Starting service [Tomcat]
[INFO ] 2020-07-28 20:46:12 [main] o.a.catalina.core.StandardEngine - Starting Servlet engine: [Apache Tomcat/9.0.37]
[INFO ] 2020-07-28 20:46:12 [main] o.a.c.c.C.[Tomcat].[localhost].[/] - Initializing Spring embedded WebApplicationContext
[INFO ] 2020-07-28 20:46:12 [main] o.s.web.context.ContextLoader - Root WebApplicationContext: initialization completed in 3831 ms
[INFO ] 2020-07-28 20:46:12 [main] o.a.catalina.core.StandardService - Stopping service [Tomcat]
[INFO ] 2020-07-28 21:46:49 [main] com.course.Application - Starting Application on PC-202004212207 with PID 14836 (D:\Program Files\Git\workspase\blmt\AutoST\MyBatisUse\target\classes started by Administrator in D:\Program Files\Git\workspase\blmt\AutoST)
[INFO ] 2020-07-28 21:46:49 [main] com.course.Application - No active profile set, falling back to default profiles: default
[INFO ] 2020-07-28 21:46:49 [main] o.s.b.w.e.tomcat.TomcatWebServer - Tomcat initialized with port(s): 8888 (http)
[INFO ] 2020-07-28 21:46:49 [main] o.a.coyote.http11.Http11NioProtocol - Initializing ProtocolHandler ["http-nio-8888"]
[INFO ] 2020-07-28 21:46:49 [main] o.a.catalina.core.StandardService - Starting service [Tomcat]
[INFO ] 2020-07-28 21:46:49 [main] o.a.catalina.core.StandardEngine - Starting Servlet engine: [Apache Tomcat/9.0.37]
[INFO ] 2020-07-28 21:46:49 [main] o.a.c.c.C.[Tomcat].[localhost].[/] - Initializing Spring embedded WebApplicationContext
[INFO ] 2020-07-28 21:46:49 [main] o.s.web.context.ContextLoader - Root WebApplicationContext: initialization completed in 1922 ms
[INFO ] 2020-07-28 21:46:49 [main] o.a.catalina.core.StandardService - Stopping service [Tomcat]
[INFO ] 2020-07-28 21:48:27 [main] com.course.Application - Starting Application on PC-202004212207 with PID 13912 (D:\Program Files\Git\workspase\blmt\AutoST\MyBatisUse\target\classes started by Administrator in D:\Program Files\Git\workspase\blmt\AutoST)
[INFO ] 2020-07-28 21:48:27 [main] com.course.Application - No active profile set, falling back to default profiles: default
[INFO ] 2020-07-28 21:48:27 [main] o.s.b.w.e.tomcat.TomcatWebServer - Tomcat initialized with port(s): 8888 (http)
[INFO ] 2020-07-28 21:48:27 [main] o.a.coyote.http11.Http11NioProtocol - Initializing ProtocolHandler ["http-nio-8888"]
[INFO ] 2020-07-28 21:48:27 [main] o.a.catalina.core.StandardService - Starting service [Tomcat]
[INFO ] 2020-07-28 21:48:27 [main] o.a.catalina.core.StandardEngine - Starting Servlet engine: [Apache Tomcat/9.0.37]
[INFO ] 2020-07-28 21:48:27 [main] o.a.c.c.C.[Tomcat].[localhost].[/] - Initializing Spring embedded WebApplicationContext
[INFO ] 2020-07-28 21:48:27 [main] o.s.web.context.ContextLoader - Root WebApplicationContext: initialization completed in 1704 ms
[INFO ] 2020-07-28 21:48:27 [main] o.a.catalina.core.StandardService - Stopping service [Tomcat]
[INFO ] 2020-07-28 21:48:55 [main] com.course.Application - Starting Application on PC-202004212207 with PID 17652 (D:\Program Files\Git\workspase\blmt\AutoST\MyBatisUse\target\classes started by Administrator in D:\Program Files\Git\workspase\blmt\AutoST)
[INFO ] 2020-07-28 21:48:55 [main] com.course.Application - No active profile set, falling back to default profiles: default
[INFO ] 2020-07-28 21:48:55 [main] o.s.b.w.e.tomcat.TomcatWebServer - Tomcat initialized with port(s): 8888 (http)
[INFO ] 2020-07-28 21:48:55 [main] o.a.coyote.http11.Http11NioProtocol - Initializing ProtocolHandler ["http-nio-8888"]
[INFO ] 2020-07-28 21:48:55 [main] o.a.catalina.core.StandardService - Starting service [Tomcat]
[INFO ] 2020-07-28 21:48:55 [main] o.a.catalina.core.StandardEngine - Starting Servlet engine: [Apache Tomcat/9.0.37]
[INFO ] 2020-07-28 21:48:55 [main] o.a.c.c.C.[Tomcat].[localhost].[/] - Initializing Spring embedded WebApplicationContext
[INFO ] 2020-07-28 21:48:55 [main] o.s.web.context.ContextLoader - Root WebApplicationContext: initialization completed in 2248 ms
[INFO ] 2020-07-28 21:48:55 [main] o.a.catalina.core.StandardService - Stopping service [Tomcat]
[INFO ] 2020-07-28 21:59:18 [main] com.course.Application - Starting Application on PC-202004212207 with PID 10456 (D:\Program Files\Git\workspase\blmt\AutoST\MyBatisUse\target\classes started by Administrator in D:\Program Files\Git\workspase\blmt\AutoST)
[INFO ] 2020-07-28 21:59:18 [main] com.course.Application - No active profile set, falling back to default profiles: default
[INFO ] 2020-07-28 21:59:18 [main] o.s.b.w.e.tomcat.TomcatWebServer - Tomcat initialized with port(s): 8888 (http)
[INFO ] 2020-07-28 21:59:18 [main] o.a.coyote.http11.Http11NioProtocol - Initializing ProtocolHandler ["http-nio-8888"]
[INFO ] 2020-07-28 21:59:18 [main] o.a.catalina.core.StandardService - Starting service [Tomcat]
[INFO ] 2020-07-28 21:59:18 [main] o.a.catalina.core.StandardEngine - Starting Servlet engine: [Apache Tomcat/9.0.37]
[INFO ] 2020-07-28 21:59:18 [main] o.a.c.c.C.[Tomcat].[localhost].[/] - Initializing Spring embedded WebApplicationContext
[INFO ] 2020-07-28 21:59:18 [main] o.s.web.context.ContextLoader - Root WebApplicationContext: initialization completed in 1941 ms
[INFO ] 2020-07-28 21:59:18 [main] o.a.catalina.core.StandardService - Stopping service [Tomcat]
[INFO ] 2020-07-28 22:45:05 [main] com.course.Application - Starting Application on PC-202004212207 with PID 18284 (D:\Program Files\Git\workspase\blmt\AutoST\MyBatisUse\target\classes started by Administrator in D:\Program Files\Git\workspase\blmt\AutoST)
[INFO ] 2020-07-28 22:45:05 [main] com.course.Application - No active profile set, falling back to default profiles: default
[INFO ] 2020-07-28 22:45:05 [main] o.s.b.w.e.tomcat.TomcatWebServer - Tomcat initialized with port(s): 8888 (http)
[INFO ] 2020-07-28 22:45:05 [main] o.a.coyote.http11.Http11NioProtocol - Initializing ProtocolHandler ["http-nio-8888"]
[INFO ] 2020-07-28 22:45:05 [main] o.a.catalina.core.StandardService - Starting service [Tomcat]
[INFO ] 2020-07-28 22:45:05 [main] o.a.catalina.core.StandardEngine - Starting Servlet engine: [Apache Tomcat/9.0.37]
[INFO ] 2020-07-28 22:45:05 [main] o.a.c.c.C.[Tomcat].[localhost].[/] - Initializing Spring embedded WebApplicationContext
[INFO ] 2020-07-28 22:45:05 [main] o.s.web.context.ContextLoader - Root WebApplicationContext: initialization completed in 1718 ms
[INFO ] 2020-07-28 22:45:05 [main] o.a.catalina.core.StandardService - Stopping service [Tomcat]
[INFO ] 2020-07-28 22:48:17 [main] com.course.Application - Starting Application on PC-202004212207 with PID 16284 (D:\Program Files\Git\workspase\blmt\AutoST\MyBatisUse\target\classes started by Administrator in D:\Program Files\Git\workspase\blmt\AutoST)
[INFO ] 2020-07-28 22:48:17 [main] com.course.Application - No active profile set, falling back to default profiles: default
[INFO ] 2020-07-28 22:48:17 [main] o.s.b.w.e.tomcat.TomcatWebServer - Tomcat initialized with port(s): 8888 (http)
[INFO ] 2020-07-28 22:48:17 [main] o.a.coyote.http11.Http11NioProtocol - Initializing ProtocolHandler ["http-nio-8888"]
[INFO ] 2020-07-28 22:48:17 [main] o.a.catalina.core.StandardService - Starting service [Tomcat]
[INFO ] 2020-07-28 22:48:17 [main] o.a.catalina.core.StandardEngine - Starting Servlet engine: [Apache Tomcat/9.0.37]
[INFO ] 2020-07-28 22:48:17 [main] o.a.c.c.C.[Tomcat].[localhost].[/] - Initializing Spring embedded WebApplicationContext
[INFO ] 2020-07-28 22:48:17 [main] o.s.web.context.ContextLoader - Root WebApplicationContext: initialization completed in 1589 ms
[INFO ] 2020-07-28 22:48:17 [main] o.a.catalina.core.StandardService - Stopping service [Tomcat]
[INFO ] 2020-07-28 22:52:08 [main] com.course.Application - Starting Application on PC-202004212207 with PID 17864 (D:\Program Files\Git\workspase\blmt\AutoST\MyBatisUse\target\classes started by Administrator in D:\Program Files\Git\workspase\blmt\AutoST)
[INFO ] 2020-07-28 22:52:08 [main] com.course.Application - No active profile set, falling back to default profiles: default
[INFO ] 2020-07-28 22:52:08 [main] o.s.b.w.e.tomcat.TomcatWebServer - Tomcat initialized with port(s): 8888 (http)
[INFO ] 2020-07-28 22:52:08 [main] o.a.coyote.http11.Http11NioProtocol - Initializing ProtocolHandler ["http-nio-8888"]
[INFO ] 2020-07-28 22:52:08 [main] o.a.catalina.core.StandardService - Starting service [Tomcat]
[INFO ] 2020-07-28 22:52:08 [main] o.a.catalina.core.StandardEngine - Starting Servlet engine: [Apache Tomcat/9.0.37]
[INFO ] 2020-07-28 22:52:08 [main] o.a.c.c.C.[Tomcat].[localhost].[/] - Initializing Spring embedded WebApplicationContext
[INFO ] 2020-07-28 22:52:08 [main] o.s.web.context.ContextLoader - Root WebApplicationContext: initialization completed in 1695 ms
[INFO ] 2020-07-28 22:52:08 [main] o.a.catalina.core.StandardService - Stopping service [Tomcat]
[INFO ] 2020-07-28 23:17:32 [main] com.course.Application - Starting Application on PC-202004212207 with PID 18028 (D:\Program Files\Git\workspase\blmt\AutoST\MyBatisUse\target\classes started by Administrator in D:\Program Files\Git\workspase\blmt\AutoST)
[INFO ] 2020-07-28 23:17:32 [main] com.course.Application - No active profile set, falling back to default profiles: default
[INFO ] 2020-07-28 23:17:32 [main] o.s.b.w.e.tomcat.TomcatWebServer - Tomcat initialized with port(s): 8888 (http)
[INFO ] 2020-07-28 23:17:32 [main] o.a.coyote.http11.Http11NioProtocol - Initializing ProtocolHandler ["http-nio-8888"]
[INFO ] 2020-07-28 23:17:32 [main] o.a.catalina.core.StandardService - Starting service [Tomcat]
[INFO ] 2020-07-28 23:17:32 [main] o.a.catalina.core.StandardEngine - Starting Servlet engine: [Apache Tomcat/9.0.37]
[INFO ] 2020-07-28 23:17:32 [main] o.a.c.c.C.[Tomcat].[localhost].[/] - Initializing Spring embedded WebApplicationContext
[INFO ] 2020-07-28 23:17:32 [main] o.s.web.context.ContextLoader - Root WebApplicationContext: initialization completed in 1650 ms
[INFO ] 2020-07-28 23:17:32 [main] o.a.catalina.core.StandardService - Stopping service [Tomcat]
